<?xml version="1.0" encoding="UTF-8"?>
<!-- Generated by org.testng.reporters.JUnitReportReporter -->
<testsuite hostname="Ivans-MacBook-Pro.local" failures="0" tests="7" name="com.testing.traveloka.flights.SelectFlight" time="13.446" errors="0" timestamp="23 Aug 2018 03:43:11 GMT" skipped="2">
  <testcase classname="com.testing.traveloka.flights.SelectFlight" name="PrintFlight" time="2.196"/>
  <testcase classname="com.testing.traveloka.flights.SelectFlight" name="SortBy" time="5.903"/>
  <testcase classname="com.testing.traveloka.flights.SelectFlight" name="SelectFlight" time="1.106"/>
  <testcase classname="com.testing.traveloka.flights.SelectFlight" name="PrintFlight" time="3.142"/>
  <testcase classname="com.testing.traveloka.flights.SelectFlight" name="SelectFlight" time="1.099"/>
  <testcase classname="com.testing.traveloka.flights.SelectFlight" name="SetFilter">
    <skipped/>
  </testcase> <!-- SetFilter -->
  <testcase classname="com.testing.traveloka.flights.SelectFlight" name="SetFilter">
    <skipped/>
  </testcase> <!-- SetFilter -->
</testsuite> <!-- com.testing.traveloka.flights.SelectFlight -->
