<?xml version="1.0" encoding="UTF-8"?>
<!-- Generated by org.testng.reporters.JUnitReportReporter -->
<testsuite hostname="Ivans-MacBook-Pro.local" failures="0" tests="6" name="Book" time="73.135" errors="0" timestamp="23 Aug 2018 03:43:11 GMT" skipped="0">
  <testcase classname="Book" name="Continue" time="0.788"/>
  <testcase classname="Book" name="FillInContactDetails" time="23.700"/>
  <testcase classname="Book" name="TravelDetails" time="11.657"/>
  <testcase classname="Book" name="FillInContactDetails" time="23.194"/>
  <testcase classname="Book" name="TravelDetails" time="13.001"/>
  <testcase classname="Book" name="Continue" time="0.795"/>
</testsuite> <!-- Book -->
