<?xml version="1.0" encoding="UTF-8"?>
<!-- Generated by org.testng.reporters.JUnitReportReporter -->
<testsuite hostname="Ivans-MacBook-Pro.local" failures="0" tests="6" name="com.testing.traveloka.flights.BookingSummary" time="5.806" errors="0" timestamp="23 Aug 2018 03:43:11 GMT" skipped="4">
  <testcase classname="com.testing.traveloka.flights.BookingSummary" name="Select" time="3.301"/>
  <testcase classname="com.testing.traveloka.flights.BookingSummary" name="Select" time="2.505"/>
  <testcase classname="com.testing.traveloka.flights.BookingSummary" name="AddAirportTransport">
    <skipped/>
  </testcase> <!-- AddAirportTransport -->
  <testcase classname="com.testing.traveloka.flights.BookingSummary" name="AddAirportTransport">
    <skipped/>
  </testcase> <!-- AddAirportTransport -->
  <testcase classname="com.testing.traveloka.flights.BookingSummary" name="AddHotel">
    <skipped/>
  </testcase> <!-- AddHotel -->
  <testcase classname="com.testing.traveloka.flights.BookingSummary" name="AddHotel">
    <skipped/>
  </testcase> <!-- AddHotel -->
</testsuite> <!-- com.testing.traveloka.flights.BookingSummary -->
