<?xml version="1.0" encoding="UTF-8"?>
<!-- Generated by org.testng.reporters.JUnitReportReporter -->
<testsuite hostname="Ivans-MacBook-Pro.local" failures="0" tests="11" name="com.testing.traveloka.flights.SearchFlights" time="48.949" errors="0" timestamp="23 Aug 2018 03:43:11 GMT" skipped="2">
  <testcase classname="com.testing.traveloka.flights.SearchFlights" name="SetDestination" time="8.437"/>
  <testcase classname="com.testing.traveloka.flights.SearchFlights" name="SearchFlights" time="1.947"/>
  <testcase classname="com.testing.traveloka.flights.SearchFlights" name="SearchFlights" time="1.258"/>
  <testcase classname="com.testing.traveloka.flights.SearchFlights" name="SetOrigin" time="7.858"/>
  <testcase classname="com.testing.traveloka.flights.SearchFlights" name="SetSeatClass" time="5.848"/>
  <testcase classname="com.testing.traveloka.flights.SearchFlights" name="SetDestination" time="8.593"/>
  <testcase classname="com.testing.traveloka.flights.SearchFlights" name="SetDepartureDate" time="6.098"/>
  <testcase classname="com.testing.traveloka.flights.SearchFlights" name="SetOrigin" time="7.808"/>
  <testcase classname="com.testing.traveloka.flights.SearchFlights" name="SwapOriginAndDestination" time="1.102"/>
  <testcase classname="com.testing.traveloka.flights.SearchFlights" name="SetPassenger">
    <skipped/>
  </testcase> <!-- SetPassenger -->
  <testcase classname="com.testing.traveloka.flights.SearchFlights" name="SetPassenger">
    <skipped/>
  </testcase> <!-- SetPassenger -->
</testsuite> <!-- com.testing.traveloka.flights.SearchFlights -->
