<?xml version="1.0" encoding="UTF-8"?>
<!-- Generated by org.testng.reporters.JUnitReportReporter -->
<testsuite hostname="Ivans-MacBook-Pro.local" failures="0" tests="2" name="com.testing.traveloka.Home" time="11.100" errors="0" timestamp="23 Aug 2018 03:43:11 GMT" skipped="0">
  <testcase classname="com.testing.traveloka.Home" name="ClickFlight" time="5.253"/>
  <testcase classname="com.testing.traveloka.Home" name="ClickFlight" time="5.847"/>
</testsuite> <!-- com.testing.traveloka.Home -->
