<?xml version="1.0" encoding="UTF-8"?>
<!-- Generated by org.testng.reporters.JUnitReportReporter -->
<testsuite hostname="Ivans-MacBook-Pro.local" failures="0" tests="5" name="com.testing.tutorial.GroupTestExample" time="0.017" errors="0" timestamp="22 Aug 2018 07:15:25 GMT" skipped="0">
  <testcase classname="com.testing.tutorial.GroupTestExample" name="flightPurchase" time="0.000"/>
  <testcase classname="com.testing.tutorial.GroupTestExample" name="hotelPurchase" time="0.000"/>
  <testcase classname="com.testing.tutorial.GroupTestExample" name="flightPurchase" time="0.000"/>
  <testcase classname="com.testing.tutorial.GroupTestExample" name="skipSplashScreen" time="0.017"/>
  <testcase classname="com.testing.tutorial.GroupTestExample" name="flightPurchase" time="0.000"/>
</testsuite> <!-- com.testing.tutorial.GroupTestExample -->
