<?xml version="1.0" encoding="UTF-8"?>
<!-- Generated by org.testng.reporters.JUnitReportReporter -->
<testsuite hostname="Ivans-MacBook-Pro.local" failures="0" tests="4" name="com.testing.traveloka.SplashScreen" time="39.356" errors="0" timestamp="23 Aug 2018 03:43:11 GMT" skipped="0">
  <testcase classname="com.testing.traveloka.SplashScreen" name="ChooseCountryLanguage" time="8.865"/>
  <testcase classname="com.testing.traveloka.SplashScreen" name="SkipSplashScreen" time="12.401"/>
  <testcase classname="com.testing.traveloka.SplashScreen" name="SkipSplashScreen" time="11.090"/>
  <testcase classname="com.testing.traveloka.SplashScreen" name="ChooseCountryLanguage" time="7.000"/>
</testsuite> <!-- com.testing.traveloka.SplashScreen -->
